<?xml version="1.0" encoding="UTF-8"?>
<!-- Generated by org.testng.reporters.JUnitReportReporter -->
<testsuite skipped="0" hostname="Shankhdhar" name="com.qi.testcases.QiTask" tests="1" failures="0" timestamp="02 Jan 2019 20:42:13 GMT" time="56.103" errors="0">
  <testcase name="loginAsUser" time="56.103" classname="com.qi.testcases.QiTask"/>
</testsuite> <!-- com.qi.testcases.QiTask -->
